  main.cpp
C:\Users\abood\Github\bank_system_oop\bank system\bank system\clsString.h(36,25): warning C4267: 'return': conversion from 'size_t' to 'short', possible loss of data
  (compiling source file 'main.cpp')
  
C:\Users\abood\Github\bank_system_oop\bank system\bank system\clsString.h(41,29): warning C4267: 'return': conversion from 'size_t' to 'short', possible loss of data
  (compiling source file 'main.cpp')
  
C:\Users\abood\Github\bank_system_oop\bank system\bank system\clsString.h(53,30): warning C4267: '=': conversion from 'size_t' to 'short', possible loss of data
  (compiling source file 'main.cpp')
  
C:\Users\abood\Github\bank_system_oop\bank system\bank system\clsString.h(190,29): warning C4267: 'return': conversion from 'size_t' to 'short', possible loss of data
  (compiling source file 'main.cpp')
  
C:\Users\abood\Github\bank_system_oop\bank system\bank system\clsString.h(321,30): warning C4267: '=': conversion from 'size_t' to 'short', possible loss of data
  (compiling source file 'main.cpp')
  
C:\Users\abood\Github\bank_system_oop\bank system\bank system\clsString.h(369,22): warning C4267: 'initializing': conversion from 'size_t' to 'short', possible loss of data
  (compiling source file 'main.cpp')
  
C:\Users\abood\Github\bank_system_oop\bank system\bank system\clsUtil.h(62,5): warning C4102: 'defualt': unreferenced label
  (compiling source file 'main.cpp')
  
C:\Users\abood\Github\bank_system_oop\bank system\bank system\clsUser.h(136,9): warning C4240: nonstandard extension used: access to 'clsUser::stLoginRegisterRecord' now defined to be 'public', previously it was defined to be 'private'
  (compiling source file 'main.cpp')
      C:\Users\abood\Github\bank_system_oop\bank system\bank system\clsUser.h(17,9):
      see declaration of 'clsUser::stLoginRegisterRecord'
  
C:\Users\abood\Github\bank_system_oop\bank system\bank system\clsBankClient.h(315,13): warning C4240: nonstandard extension used: access to 'clsBankClient::stTransferLogRecord' now defined to be 'public', previously it was defined to be 'private'
  (compiling source file 'main.cpp')
      C:\Users\abood\Github\bank_system_oop\bank system\bank system\clsBankClient.h(19,13):
      see declaration of 'clsBankClient::stTransferLogRecord'
  
C:\Users\abood\Github\bank_system_oop\bank system\bank system\clsBankClient.h(289,30): warning C4244: 'argument': conversion from 'double' to 'float', possible loss of data
  (compiling source file 'main.cpp')
  
C:\Users\abood\Github\bank_system_oop\bank system\bank system\clsInputValidate.h(112,16): warning C4244: 'initializing': conversion from 'double' to 'float', possible loss of data
  (compiling source file 'main.cpp')
  
C:\Users\abood\Github\bank_system_oop\bank system\bank system\clsInputValidate.h(116,26): warning C4244: '=': conversion from 'double' to 'float', possible loss of data
  (compiling source file 'main.cpp')
  
C:\Users\abood\Github\bank_system_oop\bank system\bank system\clsTotalBalanceScreen.h(39,54): warning C4244: 'argument': conversion from 'double' to 'int', possible loss of data
  (compiling source file 'main.cpp')
  
C:\Users\abood\Github\bank_system_oop\bank system\bank system\clsFindCurrencyScreen.h(32,9): warning C4101: 'findBy': unreferenced local variable
  (compiling source file 'main.cpp')
  
C:\Users\abood\Github\bank_system_oop\bank system\bank system\clsUpdateCurrencyRateScreen.h(21,44): warning C4244: '=': conversion from 'double' to 'float', possible loss of data
  (compiling source file 'main.cpp')
  
C:\Users\abood\Github\bank_system_oop\bank system\bank system\clsCurrencyCalculatorScreen.h(48,21): warning C4244: 'initializing': conversion from 'double' to 'float', possible loss of data
  (compiling source file 'main.cpp')
  
C:\Users\abood\Github\bank_system_oop\bank system\bank system\clsCurrencyCalculatorScreen.h(62,28): warning C4244: 'initializing': conversion from 'double' to 'float', possible loss of data
  (compiling source file 'main.cpp')
  
C:\Users\abood\Github\bank_system_oop\bank system\bank system\clsCurrencyCalculatorScreen.h(77,17): warning C4244: 'initializing': conversion from 'double' to 'float', possible loss of data
  (compiling source file 'main.cpp')
  
C:\Users\abood\Github\bank_system_oop\bank system\bank system\clsLoginScreen.h(58,1): warning C4715: 'clsLoginScreen::_Login': not all control paths return a value
C:\Users\abood\Github\bank_system_oop\bank system\bank system\clsBankClient.h(314,1): warning C4715: 'clsBankClient::save': not all control paths return a value
C:\Users\abood\Github\bank_system_oop\bank system\bank system\clsUser.h(270,1): warning C4715: 'clsUser::save': not all control paths return a value
  bank system.vcxproj -> C:\Users\abood\Github\bank_system_oop\bank system\x64\Debug\bank system.exe
